<?xml version="1.0" encoding="UTF-8"?>
<testsuite name="Test" tests="5" skipped="0" failures="0" errors="0" timestamp="2020-10-23T15:53:43" hostname="mccallie" time="0.004">
  <properties/>
  <testcase name="testBasicPartition" classname="Test" time="0.002"/>
  <testcase name="testEnhancedQuicksort" classname="Test" time="0.001"/>
  <testcase name="testEnhancedFuzzyQuicksort" classname="Test" time="0.0"/>
  <testcase name="testEnhancedPartition" classname="Test" time="0.001"/>
  <testcase name="testBasicQuicksort" classname="Test" time="0.0"/>
  <system-out><![CDATA[]]></system-out>
  <system-err><![CDATA[]]></system-err>
</testsuite>
