<?xml version="1.0" encoding="UTF-8"?>
<testsuite name="Test" tests="4" skipped="0" failures="0" errors="0" timestamp="2020-10-23T12:18:16" hostname="mccallie" time="0.005">
  <properties/>
  <testcase name="testBasicPartition" classname="Test" time="0.003"/>
  <testcase name="testEnhancedQuicksort" classname="Test" time="0.001"/>
  <testcase name="testEnhancedPartition" classname="Test" time="0.001"/>
  <testcase name="testBasicQuicksort" classname="Test" time="0.0"/>
  <system-out><![CDATA[]]></system-out>
  <system-err><![CDATA[]]></system-err>
</testsuite>
